<?xml version="1.0" encoding="UTF-8"?>
<!-- Generated by org.testng.reporters.JUnitXMLReporter -->
<testsuite ignored="0" hostname="CHN-LAP-AISWRYA" failures="1" tests="1" name="Surefire test" time="0.898" errors="0" timestamp="2022-03-13T14:01:25 IST">
  <testcase classname="io.cucumber.testng.AbstractTestNGCucumberTests" name="runScenario" time="0.193">
    <failure type="java.lang.NoClassDefFoundError" message="org/openqa/selenium/remote/internal/JsonToWebElementConverter">
      <![CDATA[java.lang.NoClassDefFoundError: org/openqa/selenium/remote/internal/JsonToWebElementConverter
at mobileWrap.MobileWrapper.initiateDriver(MobileWrapper.java:108)
at mobileWrap.AppSpecificMethods.launchDriver(AppSpecificMethods.java:44)
at Steps.Steps.i_log_into_the_application_in_for(Steps.java:73)
at âœ½.I log into the application in "android" for "LoginLogoutFunctionality"(file:///D:/CucumberSree/Cucumber-ExtentReport4-master/src/test/java/Features/Bing.feature:16)
Caused by: java.lang.ClassNotFoundException: org.openqa.selenium.remote.internal.JsonToWebElementConverter
at java.base/jdk.internal.loader.BuiltinClassLoader.loadClass(BuiltinClassLoader.java:641)
at java.base/jdk.internal.loader.ClassLoaders$AppClassLoader.loadClass(ClassLoaders.java:188)
at java.base/java.lang.ClassLoader.loadClass(ClassLoader.java:520)
at mobileWrap.MobileWrapper.initiateDriver(MobileWrapper.java:108)
at mobileWrap.AppSpecificMethods.launchDriver(AppSpecificMethods.java:44)
at Steps.Steps.i_log_into_the_application_in_for(Steps.java:73)
at io.cucumber.java.Invoker.invoke(Invoker.java:27)
at io.cucumber.java.JavaStepDefinition.execute(JavaStepDefinition.java:27)
at io.cucumber.core.runner.PickleStepDefinitionMatch.runStep(PickleStepDefinitionMatch.java:63)
at io.cucumber.core.runner.TestStep.executeStep(TestStep.java:64)
at io.cucumber.core.runner.TestStep.run(TestStep.java:49)
at io.cucumber.core.runner.PickleStepTestStep.run(PickleStepTestStep.java:46)
at io.cucumber.core.runner.TestCase.run(TestCase.java:51)
at io.cucumber.core.runner.Runner.runPickle(Runner.java:67)
at io.cucumber.testng.TestNGCucumberRunner.runScenario(TestNGCucumberRunner.java:124)
at io.cucumber.testng.AbstractTestNGCucumberTests.runScenario(AbstractTestNGCucumberTests.java:29)
at java.base/java.util.ArrayList.forEach(ArrayList.java:1511)
... Removed 36 stack frames]]>
    </failure>
  </testcase> <!-- runScenario -->
</testsuite> <!-- Surefire test -->
