-------------------------------------------------------------------------------
Test set: TestSuite
-------------------------------------------------------------------------------
Tests run: 1, Failures: 1, Errors: 0, Skipped: 0, Time elapsed: 1.35 s <<< FAILURE! - in TestSuite
runScenario(Runners.TestNGRunner)  Time elapsed: 0.205 s  <<< FAILURE!
java.lang.NoClassDefFoundError: org/openqa/selenium/remote/internal/JsonToWebElementConverter
Caused by: java.lang.ClassNotFoundException: org.openqa.selenium.remote.internal.JsonToWebElementConverter

